app/build/app/outputs/mapping/adminRelease/seeds.txt
com.example.e_commerce_app.MainActivity
com.example.e_commerce_app.MainActivity: MainActivity()
...
com.google.android.gms.internal.fido.zzbj
com.google.android.gms.internal.firebase-auth-api.zzalr
com.google.android.gms.internal.auth-api-phone.zzk
com.google.android.gms.internal.common.zzr
io.flutter.plugins.firebase.core.FlutterFirebasePlugin
com.google.android.recaptcha.internal.zzam
com.google.android.gms.internal.firebase-auth-api.zzzd
com.google.android.gms.internal.firebase-auth-api.zzain
com.google.android.play.core.integrity.StandardIntegrityManager$StandardIntegrityToken
com.google.android.play.core.integrity.bq
com.google.android.gms.internal.auth.zzel
com.google.android.recaptcha.internal.zzsi
com.google.android.gms.internal.fido.zzbt
com.google.android.recaptcha.internal.zzlx
com.google.android.recaptcha.internal.zzkg
com.google.android.recaptcha.internal.zzx
com.google.firebase.FirebaseCommonKtxRegistrar
com.google.android.gms.internal.firebase-auth-api.zzagq
com.google.android.gms.internal.firebase-auth-api.zzko
com.google.android.gms.internal.firebase-auth-api.zzhd
com.google.android.gms.internal.fido.zzbv
com.google.android.gms.internal.auth-api.zbbg
com.google.android.gms.internal.auth.zzep
com.google.android.gms.internal.firebase-auth-api.zzzt
com.google.android.gms.internal.firebase-auth-api.zzjv
com.google.android.gms.internal.firebase-auth-api.zzez
com.google.firebase.ktx.FirebaseCommonLegacyRegistrar
com.google.android.gms.internal.auth.zzgu
com.google.android.gms.internal.auth.zzr
com.google.android.recaptcha.internal.zzci
com.google.android.recaptcha.internal.zzem
com.google.android.gms.internal.common.zzj
com.google.android.gms.internal.firebase-auth-api.zznh
com.google.android.gms.internal.firebase-auth-api.zzyf
com.google.android.gms.internal.fido.zzdi
com.google.android.gms.internal.firebase-auth-api.zzwl
com.google.android.gms.internal.common.zzn
com.google.android.gms.internal.auth.zzgt
com.google.android.gms.internal.base.zam
com.google.android.recaptcha.internal.zzbo
androidx.appcompat.widget.ActionBarOverlayLayout
com.google.android.play.core.integrity.bg
com.google.android.gms.internal.common.zzv
com.google.android.gms.internal.common.zzab
com.google.android.recaptcha.internal.zzdr
com.google.android.gms.internal.fido.zzaw
com.google.android.gms.internal.auth.zzgw
com.google.android.gms.internal.firebase-auth-api.zzfv
androidx.window.extensions.core.util.function.Consumer
com.google.android.gms.internal.common.zzl
com.google.android.gms.tasks.zzy
com.google.android.recaptcha.internal.zzkb
com.google.android.gms.internal.firebase-auth-api.zzlt
com.google.android.gms.internal.firebase-auth-api.zzadv
com.google.android.recaptcha.internal.zzss
com.google.android.gms.internal.fido.zzcr
com.google.android.recaptcha.internal.zzgj
com.google.android.gms.internal.firebase-auth-api.zzfe
com.google.android.gms.internal.fido.zzdn
com.google.android.recaptcha.internal.zzcf
com.google.android.recaptcha.internal.zzih
com.google.android.recaptcha.internal.zzlw
com.google.android.gms.internal.firebase-auth-api.zzuq
com.google.android.gms.internal.firebase-auth-api.zzcj
com.google.android.gms.internal.common.zzb
com.google.android.gms.internal.firebase-auth-api.zzc
com.google.android.recaptcha.internal.zztd
com.google.android.gms.internal.firebase-auth-api.zzfy
com.google.android.gms.internal.firebase-auth-api.zzaht
com.google.android.gms.internal.firebase-auth-api.zzala
com.google.android.gms.internal.fido.zzcl
com.google.android.recaptcha.internal.zzfj
com.google.android.gms.internal.firebase-auth-api.zzaay
com.google.android.gms.internal.auth-api.zbl
com.google.android.recaptcha.internal.zziw
com.google.android.recaptcha.internal.zzix
com.google.android.recaptcha.internal.zzql
io.flutter.embedding.engine.FlutterOverlaySurface
com.google.android.gms.internal.firebase-auth-api.zzaci
com.google.android.gms.internal.firebase-auth-api.zzj
com.google.android.recaptcha.internal.zzua
com.google.android.gms.internal.firebase-auth-api.zzadt
com.google.android.recaptcha.internal.zzbs